[0.114s] DEBUG:colcon:Command line arguments: ['/usr/bin/colcon', 'build', '--symlink-install']
[0.114s] DEBUG:colcon:Parsed command line arguments: Namespace(log_base=None, log_level=None, verb_name='build', build_base='build', install_base='install', merge_install=False, symlink_install=True, test_result_base=None, continue_on_error=False, executor='parallel', parallel_workers=12, event_handlers=None, ignore_user_meta=False, metas=['./colcon.meta'], base_paths=['.'], packages_ignore=None, packages_ignore_regex=None, paths=None, packages_up_to=None, packages_up_to_regex=None, packages_above=None, packages_above_and_dependencies=None, packages_above_depth=None, packages_select_by_dep=None, packages_skip_by_dep=None, packages_skip_up_to=None, packages_select_build_failed=False, packages_skip_build_finished=False, packages_select_test_failures=False, packages_skip_test_passed=False, packages_select=None, packages_skip=None, packages_select_regex=None, packages_skip_regex=None, packages_start=None, packages_end=None, allow_overriding=[], cmake_args=None, cmake_target=None, cmake_target_skip_unavailable=False, cmake_clean_cache=False, cmake_clean_first=False, cmake_force_configure=False, ament_cmake_args=None, catkin_cmake_args=None, catkin_skip_building_tests=False, verb_parser=<colcon_defaults.argument_parser.defaults.DefaultArgumentsDecorator object at 0x79f2b83cb640>, verb_extension=<colcon_core.verb.build.BuildVerb object at 0x79f2b8508b20>, main=<bound method BuildVerb.main of <colcon_core.verb.build.BuildVerb object at 0x79f2b8508b20>>)
[0.294s] Level 1:colcon.colcon_core.package_discovery:discover_packages(colcon_meta) check parameters
[0.295s] Level 1:colcon.colcon_core.package_discovery:discover_packages(recursive) check parameters
[0.295s] Level 1:colcon.colcon_core.package_discovery:discover_packages(ignore) check parameters
[0.295s] Level 1:colcon.colcon_core.package_discovery:discover_packages(path) check parameters
[0.295s] Level 1:colcon.colcon_core.package_discovery:discover_packages(colcon_meta) discover
[0.295s] Level 1:colcon.colcon_core.package_discovery:discover_packages(recursive) discover
[0.295s] INFO:colcon.colcon_core.package_discovery:Crawling recursively for packages in '/home/gowtham/dwa_ws'
[0.295s] Level 1:colcon.colcon_core.package_identification:_identify(.) by extensions ['ignore', 'ignore_ament_install']
[0.295s] Level 1:colcon.colcon_core.package_identification:_identify(.) by extension 'ignore'
[0.295s] Level 1:colcon.colcon_core.package_identification:_identify(.) by extension 'ignore_ament_install'
[0.295s] Level 1:colcon.colcon_core.package_identification:_identify(.) by extensions ['colcon_pkg']
[0.295s] Level 1:colcon.colcon_core.package_identification:_identify(.) by extension 'colcon_pkg'
[0.295s] Level 1:colcon.colcon_core.package_identification:_identify(.) by extensions ['colcon_meta']
[0.295s] Level 1:colcon.colcon_core.package_identification:_identify(.) by extension 'colcon_meta'
[0.296s] Level 1:colcon.colcon_core.package_identification:_identify(.) by extensions ['ros']
[0.296s] Level 1:colcon.colcon_core.package_identification:_identify(.) by extension 'ros'
[0.308s] Level 1:colcon.colcon_core.package_identification:_identify(.) by extensions ['cmake', 'python']
[0.308s] Level 1:colcon.colcon_core.package_identification:_identify(.) by extension 'cmake'
[0.308s] Level 1:colcon.colcon_core.package_identification:_identify(.) by extension 'python'
[0.308s] Level 1:colcon.colcon_core.package_identification:_identify(.) by extensions ['python_setup_py']
[0.308s] Level 1:colcon.colcon_core.package_identification:_identify(.) by extension 'python_setup_py'
[0.308s] Level 1:colcon.colcon_core.package_identification:_identify(build) by extensions ['ignore', 'ignore_ament_install']
[0.308s] Level 1:colcon.colcon_core.package_identification:_identify(build) by extension 'ignore'
[0.308s] Level 1:colcon.colcon_core.package_identification:_identify(build) ignored
[0.309s] Level 1:colcon.colcon_core.package_identification:_identify(install) by extensions ['ignore', 'ignore_ament_install']
[0.309s] Level 1:colcon.colcon_core.package_identification:_identify(install) by extension 'ignore'
[0.309s] Level 1:colcon.colcon_core.package_identification:_identify(install) ignored
[0.309s] Level 1:colcon.colcon_core.package_identification:_identify(log) by extensions ['ignore', 'ignore_ament_install']
[0.309s] Level 1:colcon.colcon_core.package_identification:_identify(log) by extension 'ignore'
[0.309s] Level 1:colcon.colcon_core.package_identification:_identify(log) ignored
[0.309s] Level 1:colcon.colcon_core.package_identification:_identify(src) by extensions ['ignore', 'ignore_ament_install']
[0.309s] Level 1:colcon.colcon_core.package_identification:_identify(src) by extension 'ignore'
[0.309s] Level 1:colcon.colcon_core.package_identification:_identify(src) by extension 'ignore_ament_install'
[0.309s] Level 1:colcon.colcon_core.package_identification:_identify(src) by extensions ['colcon_pkg']
[0.309s] Level 1:colcon.colcon_core.package_identification:_identify(src) by extension 'colcon_pkg'
[0.309s] Level 1:colcon.colcon_core.package_identification:_identify(src) by extensions ['colcon_meta']
[0.309s] Level 1:colcon.colcon_core.package_identification:_identify(src) by extension 'colcon_meta'
[0.309s] Level 1:colcon.colcon_core.package_identification:_identify(src) by extensions ['ros']
[0.309s] Level 1:colcon.colcon_core.package_identification:_identify(src) by extension 'ros'
[0.310s] Level 1:colcon.colcon_core.package_identification:_identify(src) by extensions ['cmake', 'python']
[0.310s] Level 1:colcon.colcon_core.package_identification:_identify(src) by extension 'cmake'
[0.310s] Level 1:colcon.colcon_core.package_identification:_identify(src) by extension 'python'
[0.310s] Level 1:colcon.colcon_core.package_identification:_identify(src) by extensions ['python_setup_py']
[0.310s] Level 1:colcon.colcon_core.package_identification:_identify(src) by extension 'python_setup_py'
[0.310s] Level 1:colcon.colcon_core.package_identification:_identify(src/custom_dwa_planner) by extensions ['ignore', 'ignore_ament_install']
[0.310s] Level 1:colcon.colcon_core.package_identification:_identify(src/custom_dwa_planner) by extension 'ignore'
[0.310s] Level 1:colcon.colcon_core.package_identification:_identify(src/custom_dwa_planner) by extension 'ignore_ament_install'
[0.310s] Level 1:colcon.colcon_core.package_identification:_identify(src/custom_dwa_planner) by extensions ['colcon_pkg']
[0.310s] Level 1:colcon.colcon_core.package_identification:_identify(src/custom_dwa_planner) by extension 'colcon_pkg'
[0.310s] Level 1:colcon.colcon_core.package_identification:_identify(src/custom_dwa_planner) by extensions ['colcon_meta']
[0.310s] Level 1:colcon.colcon_core.package_identification:_identify(src/custom_dwa_planner) by extension 'colcon_meta'
[0.310s] Level 1:colcon.colcon_core.package_identification:_identify(src/custom_dwa_planner) by extensions ['ros']
[0.310s] Level 1:colcon.colcon_core.package_identification:_identify(src/custom_dwa_planner) by extension 'ros'
[0.313s] DEBUG:colcon.colcon_core.package_identification:Package 'src/custom_dwa_planner' with type 'ros.ament_python' and name 'custom_dwa_planner'
[0.313s] Level 1:colcon.colcon_core.package_discovery:discover_packages(recursive) using defaults
[0.313s] Level 1:colcon.colcon_core.package_discovery:discover_packages(ignore) discover
[0.313s] Level 1:colcon.colcon_core.package_discovery:discover_packages(ignore) using defaults
[0.313s] Level 1:colcon.colcon_core.package_discovery:discover_packages(path) discover
[0.313s] Level 1:colcon.colcon_core.package_discovery:discover_packages(path) using defaults
[0.334s] Level 1:colcon.colcon_core.package_discovery:discover_packages(prefix_path) check parameters
[0.334s] Level 1:colcon.colcon_core.package_discovery:discover_packages(prefix_path) discover
[0.336s] DEBUG:colcon.colcon_installed_package_information.package_discovery:Found 1 installed packages in /home/gowtham/dwa_ws/install
[0.338s] DEBUG:colcon.colcon_installed_package_information.package_discovery:Found 337 installed packages in /opt/ros/humble
[0.355s] Level 1:colcon.colcon_core.package_discovery:discover_packages(prefix_path) using defaults
[0.402s] Level 5:colcon.colcon_core.verb:set package 'custom_dwa_planner' build argument 'cmake_args' from command line to 'None'
[0.402s] Level 5:colcon.colcon_core.verb:set package 'custom_dwa_planner' build argument 'cmake_target' from command line to 'None'
[0.402s] Level 5:colcon.colcon_core.verb:set package 'custom_dwa_planner' build argument 'cmake_target_skip_unavailable' from command line to 'False'
[0.402s] Level 5:colcon.colcon_core.verb:set package 'custom_dwa_planner' build argument 'cmake_clean_cache' from command line to 'False'
[0.402s] Level 5:colcon.colcon_core.verb:set package 'custom_dwa_planner' build argument 'cmake_clean_first' from command line to 'False'
[0.402s] Level 5:colcon.colcon_core.verb:set package 'custom_dwa_planner' build argument 'cmake_force_configure' from command line to 'False'
[0.402s] Level 5:colcon.colcon_core.verb:set package 'custom_dwa_planner' build argument 'ament_cmake_args' from command line to 'None'
[0.402s] Level 5:colcon.colcon_core.verb:set package 'custom_dwa_planner' build argument 'catkin_cmake_args' from command line to 'None'
[0.402s] Level 5:colcon.colcon_core.verb:set package 'custom_dwa_planner' build argument 'catkin_skip_building_tests' from command line to 'False'
[0.402s] DEBUG:colcon.colcon_core.verb:Building package 'custom_dwa_planner' with the following arguments: {'ament_cmake_args': None, 'build_base': '/home/gowtham/dwa_ws/build/custom_dwa_planner', 'catkin_cmake_args': None, 'catkin_skip_building_tests': False, 'cmake_args': None, 'cmake_clean_cache': False, 'cmake_clean_first': False, 'cmake_force_configure': False, 'cmake_target': None, 'cmake_target_skip_unavailable': False, 'install_base': '/home/gowtham/dwa_ws/install/custom_dwa_planner', 'merge_install': False, 'path': '/home/gowtham/dwa_ws/src/custom_dwa_planner', 'symlink_install': True, 'test_result_base': None}
[0.402s] INFO:colcon.colcon_core.executor:Executing jobs using 'parallel' executor
[0.403s] DEBUG:colcon.colcon_parallel_executor.executor.parallel:run_until_complete
[0.404s] INFO:colcon.colcon_ros.task.ament_python.build:Building ROS package in '/home/gowtham/dwa_ws/src/custom_dwa_planner' with build type 'ament_python'
[0.404s] Level 1:colcon.colcon_core.shell:create_environment_hook('custom_dwa_planner', 'ament_prefix_path')
[0.406s] INFO:colcon.colcon_core.plugin_system:Skipping extension 'colcon_core.shell.bat': Not used on non-Windows systems
[0.406s] INFO:colcon.colcon_core.shell:Creating environment hook '/home/gowtham/dwa_ws/install/custom_dwa_planner/share/custom_dwa_planner/hook/ament_prefix_path.ps1'
[0.407s] INFO:colcon.colcon_core.shell:Creating environment descriptor '/home/gowtham/dwa_ws/install/custom_dwa_planner/share/custom_dwa_planner/hook/ament_prefix_path.dsv'
[0.408s] INFO:colcon.colcon_core.shell:Creating environment hook '/home/gowtham/dwa_ws/install/custom_dwa_planner/share/custom_dwa_planner/hook/ament_prefix_path.sh'
[0.409s] INFO:colcon.colcon_core.shell:Skip shell extension 'powershell' for command environment: Not usable outside of PowerShell
[0.409s] DEBUG:colcon.colcon_core.shell:Skip shell extension 'dsv' for command environment
[0.702s] INFO:colcon.colcon_core.task.python.build:Building Python package in '/home/gowtham/dwa_ws/src/custom_dwa_planner'
[0.703s] INFO:colcon.colcon_core.shell:Skip shell extension 'powershell' for command environment: Not usable outside of PowerShell
[0.703s] DEBUG:colcon.colcon_core.shell:Skip shell extension 'dsv' for command environment
[1.070s] DEBUG:colcon.colcon_core.task.python.build:While undoing a previous installation files outside the Python library path are being ignored: /home/gowtham/dwa_ws/install/custom_dwa_planner/share/ament_index/resource_index/packages/custom_dwa_planner
[1.071s] DEBUG:colcon.colcon_core.task.python.build:While undoing a previous installation files outside the Python library path are being ignored: /home/gowtham/dwa_ws/install/custom_dwa_planner/share/custom_dwa_planner/package.xml
[1.071s] DEBUG:colcon.colcon_core.task.python.build:While undoing a previous installation files outside the Python library path are being ignored: /home/gowtham/dwa_ws/install/custom_dwa_planner/share/custom_dwa_planner/launch/dwa_launch.py
[1.071s] DEBUG:colcon.colcon_core.task.python.build:While undoing a previous installation files outside the Python library path are being ignored: /home/gowtham/dwa_ws/install/custom_dwa_planner/lib/custom_dwa_planner/dwa_planner
[1.075s] DEBUG:colcon.colcon_core.event_handler.log_command:Invoking command in '/home/gowtham/dwa_ws/build/custom_dwa_planner': PYTHONPATH=/home/gowtham/dwa_ws/build/custom_dwa_planner/prefix_override:/usr/lib/python3/dist-packages/colcon_core/task/python/colcon_distutils_commands:/home/gowtham/dwa_ws/install/custom_dwa_planner/lib/python3.10/site-packages:${PYTHONPATH} /usr/bin/python3 -W ignore:setup.py install is deprecated -W ignore:easy_install command is deprecated setup.py develop --editable --build-directory /home/gowtham/dwa_ws/build/custom_dwa_planner/build --no-deps symlink_data --force
[1.578s] Level 1:colcon.colcon_core.shell:create_environment_hook('custom_dwa_planner', 'pythonpath_develop')
[1.578s] INFO:colcon.colcon_core.shell:Creating environment hook '/home/gowtham/dwa_ws/build/custom_dwa_planner/share/custom_dwa_planner/hook/pythonpath_develop.ps1'
[1.579s] DEBUG:colcon.colcon_core.event_handler.log_command:Invoked command in '/home/gowtham/dwa_ws/build/custom_dwa_planner' returned '0': PYTHONPATH=/home/gowtham/dwa_ws/build/custom_dwa_planner/prefix_override:/usr/lib/python3/dist-packages/colcon_core/task/python/colcon_distutils_commands:/home/gowtham/dwa_ws/install/custom_dwa_planner/lib/python3.10/site-packages:${PYTHONPATH} /usr/bin/python3 -W ignore:setup.py install is deprecated -W ignore:easy_install command is deprecated setup.py develop --editable --build-directory /home/gowtham/dwa_ws/build/custom_dwa_planner/build --no-deps symlink_data --force
[1.580s] INFO:colcon.colcon_core.shell:Creating environment descriptor '/home/gowtham/dwa_ws/build/custom_dwa_planner/share/custom_dwa_planner/hook/pythonpath_develop.dsv'
[1.580s] INFO:colcon.colcon_core.shell:Creating environment hook '/home/gowtham/dwa_ws/build/custom_dwa_planner/share/custom_dwa_planner/hook/pythonpath_develop.sh'
[1.583s] Level 1:colcon.colcon_core.environment:checking '/home/gowtham/dwa_ws/install/custom_dwa_planner' for CMake module files
[1.584s] Level 1:colcon.colcon_core.environment:checking '/home/gowtham/dwa_ws/install/custom_dwa_planner' for CMake config files
[1.584s] Level 1:colcon.colcon_core.environment:checking '/home/gowtham/dwa_ws/install/custom_dwa_planner/lib'
[1.585s] Level 1:colcon.colcon_core.environment:checking '/home/gowtham/dwa_ws/install/custom_dwa_planner/bin'
[1.585s] Level 1:colcon.colcon_core.environment:checking '/home/gowtham/dwa_ws/install/custom_dwa_planner/lib/pkgconfig/custom_dwa_planner.pc'
[1.585s] Level 1:colcon.colcon_core.environment:checking '/home/gowtham/dwa_ws/install/custom_dwa_planner/lib/python3.10/site-packages'
[1.585s] Level 1:colcon.colcon_core.shell:create_environment_hook('custom_dwa_planner', 'pythonpath')
[1.585s] INFO:colcon.colcon_core.shell:Creating environment hook '/home/gowtham/dwa_ws/install/custom_dwa_planner/share/custom_dwa_planner/hook/pythonpath.ps1'
[1.586s] INFO:colcon.colcon_core.shell:Creating environment descriptor '/home/gowtham/dwa_ws/install/custom_dwa_planner/share/custom_dwa_planner/hook/pythonpath.dsv'
[1.586s] INFO:colcon.colcon_core.shell:Creating environment hook '/home/gowtham/dwa_ws/install/custom_dwa_planner/share/custom_dwa_planner/hook/pythonpath.sh'
[1.587s] Level 1:colcon.colcon_core.environment:checking '/home/gowtham/dwa_ws/install/custom_dwa_planner/bin'
[1.587s] Level 1:colcon.colcon_core.environment:create_environment_scripts_only(custom_dwa_planner)
[1.587s] INFO:colcon.colcon_core.shell:Creating package script '/home/gowtham/dwa_ws/install/custom_dwa_planner/share/custom_dwa_planner/package.ps1'
[1.588s] INFO:colcon.colcon_core.shell:Creating package descriptor '/home/gowtham/dwa_ws/install/custom_dwa_planner/share/custom_dwa_planner/package.dsv'
[1.589s] INFO:colcon.colcon_core.shell:Creating package script '/home/gowtham/dwa_ws/install/custom_dwa_planner/share/custom_dwa_planner/package.sh'
[1.590s] INFO:colcon.colcon_core.shell:Creating package script '/home/gowtham/dwa_ws/install/custom_dwa_planner/share/custom_dwa_planner/package.bash'
[1.591s] INFO:colcon.colcon_core.shell:Creating package script '/home/gowtham/dwa_ws/install/custom_dwa_planner/share/custom_dwa_planner/package.zsh'
[1.591s] Level 1:colcon.colcon_core.environment:create_file_with_runtime_dependencies(/home/gowtham/dwa_ws/install/custom_dwa_planner/share/colcon-core/packages/custom_dwa_planner)
[1.592s] DEBUG:colcon.colcon_parallel_executor.executor.parallel:closing loop
[1.592s] DEBUG:colcon.colcon_parallel_executor.executor.parallel:loop closed
[1.592s] DEBUG:colcon.colcon_parallel_executor.executor.parallel:run_until_complete finished with '0'
[1.592s] DEBUG:colcon.colcon_core.event_reactor:joining thread
[1.598s] INFO:colcon.colcon_core.plugin_system:Skipping extension 'colcon_notification.desktop_notification.terminal_notifier': Not used on non-Darwin systems
[1.598s] INFO:colcon.colcon_core.plugin_system:Skipping extension 'colcon_notification.desktop_notification.win32': Not used on non-Windows systems
[1.599s] INFO:colcon.colcon_notification.desktop_notification:Sending desktop notification using 'notify2'
[1.613s] DEBUG:colcon.colcon_core.event_reactor:joined thread
[1.613s] INFO:colcon.colcon_core.shell:Creating prefix script '/home/gowtham/dwa_ws/install/local_setup.ps1'
[1.615s] INFO:colcon.colcon_core.shell:Creating prefix util module '/home/gowtham/dwa_ws/install/_local_setup_util_ps1.py'
[1.616s] INFO:colcon.colcon_core.shell:Creating prefix chain script '/home/gowtham/dwa_ws/install/setup.ps1'
[1.617s] INFO:colcon.colcon_core.shell:Creating prefix script '/home/gowtham/dwa_ws/install/local_setup.sh'
[1.618s] INFO:colcon.colcon_core.shell:Creating prefix util module '/home/gowtham/dwa_ws/install/_local_setup_util_sh.py'
[1.619s] INFO:colcon.colcon_core.shell:Creating prefix chain script '/home/gowtham/dwa_ws/install/setup.sh'
[1.620s] INFO:colcon.colcon_core.shell:Creating prefix script '/home/gowtham/dwa_ws/install/local_setup.bash'
[1.620s] INFO:colcon.colcon_core.shell:Creating prefix chain script '/home/gowtham/dwa_ws/install/setup.bash'
[1.622s] INFO:colcon.colcon_core.shell:Creating prefix script '/home/gowtham/dwa_ws/install/local_setup.zsh'
[1.623s] INFO:colcon.colcon_core.shell:Creating prefix chain script '/home/gowtham/dwa_ws/install/setup.zsh'
