[0.520s] Invoking command in '/home/gowtham/dwa_ws/build/custom_dwa_planner': PYTHONPATH=/home/gowtham/dwa_ws/build/custom_dwa_planner/prefix_override:/usr/lib/python3/dist-packages/colcon_core/task/python/colcon_distutils_commands:/home/gowtham/dwa_ws/install/custom_dwa_planner/lib/python3.10/site-packages:${PYTHONPATH} /usr/bin/python3 -W ignore:setup.py install is deprecated -W ignore:easy_install command is deprecated setup.py develop --editable --build-directory /home/gowtham/dwa_ws/build/custom_dwa_planner/build --no-deps symlink_data --force
[0.745s] running develop
[0.887s] running egg_info
[0.887s] writing custom_dwa_planner.egg-info/PKG-INFO
[0.887s] writing dependency_links to custom_dwa_planner.egg-info/dependency_links.txt
[0.887s] writing entry points to custom_dwa_planner.egg-info/entry_points.txt
[0.887s] writing requirements to custom_dwa_planner.egg-info/requires.txt
[0.888s] writing top-level names to custom_dwa_planner.egg-info/top_level.txt
[0.889s] reading manifest file 'custom_dwa_planner.egg-info/SOURCES.txt'
[0.890s] writing manifest file 'custom_dwa_planner.egg-info/SOURCES.txt'
[0.891s] running build_ext
[0.892s] Creating /home/gowtham/dwa_ws/install/custom_dwa_planner/lib/python3.10/site-packages/custom-dwa-planner.egg-link (link to .)
[0.892s] Installing dwa_planner script to /home/gowtham/dwa_ws/install/custom_dwa_planner/lib/custom_dwa_planner
[0.893s] 
[0.893s] Installed /home/gowtham/dwa_ws/build/custom_dwa_planner
[0.893s] running symlink_data
[0.893s] symbolically linking /home/gowtham/dwa_ws/build/custom_dwa_planner/resource/custom_dwa_planner -> /home/gowtham/dwa_ws/install/custom_dwa_planner/share/ament_index/resource_index/packages
[0.893s] symbolically linking /home/gowtham/dwa_ws/build/custom_dwa_planner/package.xml -> /home/gowtham/dwa_ws/install/custom_dwa_planner/share/custom_dwa_planner
[0.893s] symbolically linking /home/gowtham/dwa_ws/build/custom_dwa_planner/launch/dwa_launch.py -> /home/gowtham/dwa_ws/install/custom_dwa_planner/share/custom_dwa_planner/launch
[0.921s] Invoked command in '/home/gowtham/dwa_ws/build/custom_dwa_planner' returned '0': PYTHONPATH=/home/gowtham/dwa_ws/build/custom_dwa_planner/prefix_override:/usr/lib/python3/dist-packages/colcon_core/task/python/colcon_distutils_commands:/home/gowtham/dwa_ws/install/custom_dwa_planner/lib/python3.10/site-packages:${PYTHONPATH} /usr/bin/python3 -W ignore:setup.py install is deprecated -W ignore:easy_install command is deprecated setup.py develop --editable --build-directory /home/gowtham/dwa_ws/build/custom_dwa_planner/build --no-deps symlink_data --force
