[0.689s] Invoking command in '/home/gowtham/dwa_ws/src/custom_dwa_planner': PYTHONPATH=/home/gowtham/dwa_ws/build/custom_dwa_planner/prefix_override:/usr/lib/python3/dist-packages/colcon_core/task/python/colcon_distutils_commands:/home/gowtham/dwa_ws/install/custom_dwa_planner/lib/python3.10/site-packages:${PYTHONPATH} /usr/bin/python3 -W ignore:setup.py install is deprecated -W ignore:easy_install command is deprecated setup.py egg_info --egg-base ../../build/custom_dwa_planner build --build-base /home/gowtham/dwa_ws/build/custom_dwa_planner/build install --record /home/gowtham/dwa_ws/build/custom_dwa_planner/install.log --single-version-externally-managed install_data
[0.982s] running egg_info
[0.983s] writing ../../build/custom_dwa_planner/custom_dwa_planner.egg-info/PKG-INFO
[0.984s] writing dependency_links to ../../build/custom_dwa_planner/custom_dwa_planner.egg-info/dependency_links.txt
[0.984s] writing entry points to ../../build/custom_dwa_planner/custom_dwa_planner.egg-info/entry_points.txt
[0.984s] writing requirements to ../../build/custom_dwa_planner/custom_dwa_planner.egg-info/requires.txt
[0.984s] writing top-level names to ../../build/custom_dwa_planner/custom_dwa_planner.egg-info/top_level.txt
[0.986s] reading manifest file '../../build/custom_dwa_planner/custom_dwa_planner.egg-info/SOURCES.txt'
[0.987s] writing manifest file '../../build/custom_dwa_planner/custom_dwa_planner.egg-info/SOURCES.txt'
[0.987s] running build
[0.987s] running build_py
[0.987s] copying custom_dwa_planner/dwa_node.py -> /home/gowtham/dwa_ws/build/custom_dwa_planner/build/lib/custom_dwa_planner
[0.988s] running install
[0.988s] running install_lib
[0.989s] copying /home/gowtham/dwa_ws/build/custom_dwa_planner/build/lib/custom_dwa_planner/dwa_node.py -> /home/gowtham/dwa_ws/install/custom_dwa_planner/lib/python3.10/site-packages/custom_dwa_planner
[0.990s] byte-compiling /home/gowtham/dwa_ws/install/custom_dwa_planner/lib/python3.10/site-packages/custom_dwa_planner/dwa_node.py to dwa_node.cpython-310.pyc
[0.992s] running install_data
[0.992s] running install_egg_info
[0.995s] removing '/home/gowtham/dwa_ws/install/custom_dwa_planner/lib/python3.10/site-packages/custom_dwa_planner-0.0.0-py3.10.egg-info' (and everything under it)
[0.995s] Copying ../../build/custom_dwa_planner/custom_dwa_planner.egg-info to /home/gowtham/dwa_ws/install/custom_dwa_planner/lib/python3.10/site-packages/custom_dwa_planner-0.0.0-py3.10.egg-info
[0.996s] running install_scripts
[1.020s] Installing dwa_planner script to /home/gowtham/dwa_ws/install/custom_dwa_planner/lib/custom_dwa_planner
[1.021s] writing list of installed files to '/home/gowtham/dwa_ws/build/custom_dwa_planner/install.log'
[1.053s] Invoked command in '/home/gowtham/dwa_ws/src/custom_dwa_planner' returned '0': PYTHONPATH=/home/gowtham/dwa_ws/build/custom_dwa_planner/prefix_override:/usr/lib/python3/dist-packages/colcon_core/task/python/colcon_distutils_commands:/home/gowtham/dwa_ws/install/custom_dwa_planner/lib/python3.10/site-packages:${PYTHONPATH} /usr/bin/python3 -W ignore:setup.py install is deprecated -W ignore:easy_install command is deprecated setup.py egg_info --egg-base ../../build/custom_dwa_planner build --build-base /home/gowtham/dwa_ws/build/custom_dwa_planner/build install --record /home/gowtham/dwa_ws/build/custom_dwa_planner/install.log --single-version-externally-managed install_data
