[0.686s] Invoking command in '/home/gowtham/dwa_ws/src/custom_dwa_planner': PYTHONPATH=/home/gowtham/dwa_ws/build/custom_dwa_planner/prefix_override:/usr/lib/python3/dist-packages/colcon_core/task/python/colcon_distutils_commands:/home/gowtham/dwa_ws/install/custom_dwa_planner/lib/python3.10/site-packages:${PYTHONPATH} /usr/bin/python3 -W ignore:setup.py install is deprecated -W ignore:easy_install command is deprecated setup.py egg_info --egg-base ../../build/custom_dwa_planner build --build-base /home/gowtham/dwa_ws/build/custom_dwa_planner/build install --record /home/gowtham/dwa_ws/build/custom_dwa_planner/install.log --single-version-externally-managed install_data
[0.939s] running egg_info
[0.940s] writing ../../build/custom_dwa_planner/custom_dwa_planner.egg-info/PKG-INFO
[0.940s] writing dependency_links to ../../build/custom_dwa_planner/custom_dwa_planner.egg-info/dependency_links.txt
[0.940s] writing entry points to ../../build/custom_dwa_planner/custom_dwa_planner.egg-info/entry_points.txt
[0.941s] writing requirements to ../../build/custom_dwa_planner/custom_dwa_planner.egg-info/requires.txt
[0.941s] writing top-level names to ../../build/custom_dwa_planner/custom_dwa_planner.egg-info/top_level.txt
[0.942s] reading manifest file '../../build/custom_dwa_planner/custom_dwa_planner.egg-info/SOURCES.txt'
[0.943s] writing manifest file '../../build/custom_dwa_planner/custom_dwa_planner.egg-info/SOURCES.txt'
[0.944s] running build
[0.944s] running build_py
[0.944s] running install
[0.944s] running install_lib
[0.945s] running install_data
[0.945s] running install_egg_info
[0.947s] removing '/home/gowtham/dwa_ws/install/custom_dwa_planner/lib/python3.10/site-packages/custom_dwa_planner-0.0.0-py3.10.egg-info' (and everything under it)
[0.948s] Copying ../../build/custom_dwa_planner/custom_dwa_planner.egg-info to /home/gowtham/dwa_ws/install/custom_dwa_planner/lib/python3.10/site-packages/custom_dwa_planner-0.0.0-py3.10.egg-info
[0.949s] running install_scripts
[0.971s] Installing dwa_planner script to /home/gowtham/dwa_ws/install/custom_dwa_planner/lib/custom_dwa_planner
[0.971s] writing list of installed files to '/home/gowtham/dwa_ws/build/custom_dwa_planner/install.log'
[0.996s] Invoked command in '/home/gowtham/dwa_ws/src/custom_dwa_planner' returned '0': PYTHONPATH=/home/gowtham/dwa_ws/build/custom_dwa_planner/prefix_override:/usr/lib/python3/dist-packages/colcon_core/task/python/colcon_distutils_commands:/home/gowtham/dwa_ws/install/custom_dwa_planner/lib/python3.10/site-packages:${PYTHONPATH} /usr/bin/python3 -W ignore:setup.py install is deprecated -W ignore:easy_install command is deprecated setup.py egg_info --egg-base ../../build/custom_dwa_planner build --build-base /home/gowtham/dwa_ws/build/custom_dwa_planner/build install --record /home/gowtham/dwa_ws/build/custom_dwa_planner/install.log --single-version-externally-managed install_data
