[0.644s] Invoking command in '/home/gowtham/dwa_ws/build/custom_dwa_planner': PYTHONPATH=/home/gowtham/dwa_ws/build/custom_dwa_planner/prefix_override:/usr/lib/python3/dist-packages/colcon_core/task/python/colcon_distutils_commands:/home/gowtham/dwa_ws/install/custom_dwa_planner/lib/python3.10/site-packages:${PYTHONPATH} /usr/bin/python3 -W ignore:setup.py install is deprecated -W ignore:easy_install command is deprecated setup.py develop --uninstall --editable --build-directory /home/gowtham/dwa_ws/build/custom_dwa_planner/build
[0.915s] running develop
[1.084s] Removing /home/gowtham/dwa_ws/install/custom_dwa_planner/lib/python3.10/site-packages/custom-dwa-planner.egg-link (link to .)
[1.125s] Invoked command in '/home/gowtham/dwa_ws/build/custom_dwa_planner' returned '0': PYTHONPATH=/home/gowtham/dwa_ws/build/custom_dwa_planner/prefix_override:/usr/lib/python3/dist-packages/colcon_core/task/python/colcon_distutils_commands:/home/gowtham/dwa_ws/install/custom_dwa_planner/lib/python3.10/site-packages:${PYTHONPATH} /usr/bin/python3 -W ignore:setup.py install is deprecated -W ignore:easy_install command is deprecated setup.py develop --uninstall --editable --build-directory /home/gowtham/dwa_ws/build/custom_dwa_planner/build
[1.127s] Invoking command in '/home/gowtham/dwa_ws/src/custom_dwa_planner': PYTHONPATH=/home/gowtham/dwa_ws/build/custom_dwa_planner/prefix_override:/usr/lib/python3/dist-packages/colcon_core/task/python/colcon_distutils_commands:/home/gowtham/dwa_ws/install/custom_dwa_planner/lib/python3.10/site-packages:${PYTHONPATH} /usr/bin/python3 -W ignore:setup.py install is deprecated -W ignore:easy_install command is deprecated setup.py egg_info --egg-base ../../build/custom_dwa_planner build --build-base /home/gowtham/dwa_ws/build/custom_dwa_planner/build install --record /home/gowtham/dwa_ws/build/custom_dwa_planner/install.log --single-version-externally-managed install_data --force
[1.383s] running egg_info
[1.384s] writing ../../build/custom_dwa_planner/custom_dwa_planner.egg-info/PKG-INFO
[1.384s] writing dependency_links to ../../build/custom_dwa_planner/custom_dwa_planner.egg-info/dependency_links.txt
[1.385s] writing entry points to ../../build/custom_dwa_planner/custom_dwa_planner.egg-info/entry_points.txt
[1.385s] writing requirements to ../../build/custom_dwa_planner/custom_dwa_planner.egg-info/requires.txt
[1.385s] writing top-level names to ../../build/custom_dwa_planner/custom_dwa_planner.egg-info/top_level.txt
[1.387s] reading manifest file '../../build/custom_dwa_planner/custom_dwa_planner.egg-info/SOURCES.txt'
[1.388s] writing manifest file '../../build/custom_dwa_planner/custom_dwa_planner.egg-info/SOURCES.txt'
[1.388s] running build
[1.388s] running build_py
[1.388s] copying custom_dwa_planner/dwa_node.py -> /home/gowtham/dwa_ws/build/custom_dwa_planner/build/lib/custom_dwa_planner
[1.388s] running install
[1.389s] running install_lib
[1.389s] creating /home/gowtham/dwa_ws/install/custom_dwa_planner/lib/python3.10/site-packages/custom_dwa_planner
[1.390s] copying /home/gowtham/dwa_ws/build/custom_dwa_planner/build/lib/custom_dwa_planner/dwa_node.py -> /home/gowtham/dwa_ws/install/custom_dwa_planner/lib/python3.10/site-packages/custom_dwa_planner
[1.390s] copying /home/gowtham/dwa_ws/build/custom_dwa_planner/build/lib/custom_dwa_planner/__init__.py -> /home/gowtham/dwa_ws/install/custom_dwa_planner/lib/python3.10/site-packages/custom_dwa_planner
[1.390s] byte-compiling /home/gowtham/dwa_ws/install/custom_dwa_planner/lib/python3.10/site-packages/custom_dwa_planner/dwa_node.py to dwa_node.cpython-310.pyc
[1.392s] byte-compiling /home/gowtham/dwa_ws/install/custom_dwa_planner/lib/python3.10/site-packages/custom_dwa_planner/__init__.py to __init__.cpython-310.pyc
[1.392s] running install_data
[1.393s] copying resource/custom_dwa_planner -> /home/gowtham/dwa_ws/install/custom_dwa_planner/share/ament_index/resource_index/packages
[1.393s] copying package.xml -> /home/gowtham/dwa_ws/install/custom_dwa_planner/share/custom_dwa_planner
[1.393s] running install_egg_info
[1.395s] Copying ../../build/custom_dwa_planner/custom_dwa_planner.egg-info to /home/gowtham/dwa_ws/install/custom_dwa_planner/lib/python3.10/site-packages/custom_dwa_planner-0.0.0-py3.10.egg-info
[1.396s] running install_scripts
[1.419s] Installing dwa_planner script to /home/gowtham/dwa_ws/install/custom_dwa_planner/lib/custom_dwa_planner
[1.419s] writing list of installed files to '/home/gowtham/dwa_ws/build/custom_dwa_planner/install.log'
[1.457s] Invoked command in '/home/gowtham/dwa_ws/src/custom_dwa_planner' returned '0': PYTHONPATH=/home/gowtham/dwa_ws/build/custom_dwa_planner/prefix_override:/usr/lib/python3/dist-packages/colcon_core/task/python/colcon_distutils_commands:/home/gowtham/dwa_ws/install/custom_dwa_planner/lib/python3.10/site-packages:${PYTHONPATH} /usr/bin/python3 -W ignore:setup.py install is deprecated -W ignore:easy_install command is deprecated setup.py egg_info --egg-base ../../build/custom_dwa_planner build --build-base /home/gowtham/dwa_ws/build/custom_dwa_planner/build install --record /home/gowtham/dwa_ws/build/custom_dwa_planner/install.log --single-version-externally-managed install_data --force
