[0.671s] Invoking command in '/home/gowtham/dwa_ws/build/custom_dwa_planner': PYTHONPATH=/home/gowtham/dwa_ws/build/custom_dwa_planner/prefix_override:/usr/lib/python3/dist-packages/colcon_core/task/python/colcon_distutils_commands:/home/gowtham/dwa_ws/install/custom_dwa_planner/lib/python3.10/site-packages:${PYTHONPATH} /usr/bin/python3 -W ignore:setup.py install is deprecated -W ignore:easy_install command is deprecated setup.py develop --editable --build-directory /home/gowtham/dwa_ws/build/custom_dwa_planner/build --no-deps symlink_data --force
[0.956s] running develop
[1.128s] running egg_info
[1.129s] writing custom_dwa_planner.egg-info/PKG-INFO
[1.129s] writing dependency_links to custom_dwa_planner.egg-info/dependency_links.txt
[1.129s] writing entry points to custom_dwa_planner.egg-info/entry_points.txt
[1.130s] writing requirements to custom_dwa_planner.egg-info/requires.txt
[1.130s] writing top-level names to custom_dwa_planner.egg-info/top_level.txt
[1.133s] reading manifest file 'custom_dwa_planner.egg-info/SOURCES.txt'
[1.134s] writing manifest file 'custom_dwa_planner.egg-info/SOURCES.txt'
[1.136s] running build_ext
[1.136s] Creating /home/gowtham/dwa_ws/install/custom_dwa_planner/lib/python3.10/site-packages/custom-dwa-planner.egg-link (link to .)
[1.137s] Installing dwa_planner script to /home/gowtham/dwa_ws/install/custom_dwa_planner/lib/custom_dwa_planner
[1.137s] 
[1.138s] Installed /home/gowtham/dwa_ws/build/custom_dwa_planner
[1.138s] running symlink_data
[1.138s] symbolically linking /home/gowtham/dwa_ws/build/custom_dwa_planner/resource/custom_dwa_planner -> /home/gowtham/dwa_ws/install/custom_dwa_planner/share/ament_index/resource_index/packages
[1.138s] symbolically linking /home/gowtham/dwa_ws/build/custom_dwa_planner/package.xml -> /home/gowtham/dwa_ws/install/custom_dwa_planner/share/custom_dwa_planner
[1.138s] symbolically linking /home/gowtham/dwa_ws/build/custom_dwa_planner/launch/dwa_launch.py -> /home/gowtham/dwa_ws/install/custom_dwa_planner/share/custom_dwa_planner/launch
[1.175s] Invoked command in '/home/gowtham/dwa_ws/build/custom_dwa_planner' returned '0': PYTHONPATH=/home/gowtham/dwa_ws/build/custom_dwa_planner/prefix_override:/usr/lib/python3/dist-packages/colcon_core/task/python/colcon_distutils_commands:/home/gowtham/dwa_ws/install/custom_dwa_planner/lib/python3.10/site-packages:${PYTHONPATH} /usr/bin/python3 -W ignore:setup.py install is deprecated -W ignore:easy_install command is deprecated setup.py develop --editable --build-directory /home/gowtham/dwa_ws/build/custom_dwa_planner/build --no-deps symlink_data --force
